yarn run v1.22.22
$ next dev
- ready started server on 0.0.0.0:3000, url: http://localhost:3000
- [35mevent[39m compiled client and server successfully in 3.9s (306 modules)
- [36mwait[39m compiling...
Watchpack Error (watcher): Error: EACCES: permission denied, watch '/etc/credstore'
Watchpack Error (watcher): Error: EACCES: permission denied, watch '/etc/credstore.encrypted'
Watchpack Error (watcher): Error: EACCES: permission denied, watch '/opt/containerd'
Watchpack Error (watcher): Error: EACCES: permission denied, watch '/root/.launchpadlib'
Watchpack Error (watcher): Error: EACCES: permission denied, watch '/home/ubuntu'
Watchpack Error (watcher): Error: EACCES: permission denied, watch '/root/.ssh'
Watchpack Error (watcher): Error: EACCES: permission denied, watch '/run/containerd'
Watchpack Error (watcher): Error: EACCES: permission denied, watch '/run/docker'
Watchpack Error (watcher): Error: EACCES: permission denied, watch '/run/sudo'
Watchpack Error (watcher): Error: EACCES: permission denied, watch '/tmp/systemd-private-5a5f599c4c2745dcaec9449502c09ac6-systemd-logind.service-6jBpWL'
Watchpack Error (watcher): Error: EACCES: permission denied, watch '/tmp/systemd-private-5a5f599c4c2745dcaec9449502c09ac6-systemd-resolved.service-QyozWT'
Watchpack Error (watcher): Error: EACCES: permission denied, watch '/tmp/systemd-private-5a5f599c4c2745dcaec9449502c09ac6-systemd-timesyncd.service-W5dYWs'
Watchpack Error (initial scan): Error: EACCES: permission denied, scandir '/etc/credstore'
Watchpack Error (initial scan): Error: EACCES: permission denied, scandir '/etc/credstore.encrypted'
Watchpack Error (initial scan): Error: EACCES: permission denied, scandir '/opt/containerd'
Watchpack Error (initial scan): Error: EACCES: permission denied, scandir '/root/.launchpadlib'
Watchpack Error (initial scan): Error: EACCES: permission denied, scandir '/home/ubuntu'
Watchpack Error (initial scan): Error: EACCES: permission denied, scandir '/root/.ssh'
Watchpack Error (initial scan): Error: EACCES: permission denied, scandir '/run/containerd'
Watchpack Error (initial scan): Error: EACCES: permission denied, scandir '/run/docker'
Watchpack Error (initial scan): Error: EACCES: permission denied, scandir '/run/sudo'
Watchpack Error (initial scan): Error: EACCES: permission denied, scandir '/tmp/systemd-private-5a5f599c4c2745dcaec9449502c09ac6-systemd-logind.service-6jBpWL'
Watchpack Error (initial scan): Error: EACCES: permission denied, scandir '/tmp/systemd-private-5a5f599c4c2745dcaec9449502c09ac6-systemd-resolved.service-QyozWT'
Watchpack Error (initial scan): Error: EACCES: permission denied, scandir '/tmp/systemd-private-5a5f599c4c2745dcaec9449502c09ac6-systemd-timesyncd.service-W5dYWs'
- [35mevent[39m compiled client and server successfully in 1247 ms (306 modules)
(node:2787) [DEP0060] DeprecationWarning: The `util._extend` API is deprecated. Please use Object.assign() instead.
(Use `node --trace-deprecation ...` to show where the warning was created)
- [36mwait[39m compiling /page (client and server)...
Browserslist: caniuse-lite is outdated. Please run:
  npx update-browserslist-db@latest
  Why you should do it regularly: https://github.com/browserslist/update-db#readme
- [35mevent[39m compiled client and server successfully in 26.9s (4350 modules)
- [36mwait[39m compiling...
- [35mevent[39m compiled successfully in 1394 ms (2138 modules)
- [36mwait[39m compiling...
- [35mevent[39m compiled successfully in 780 ms (2138 modules)
